<?xml version="1.0" encoding="UTF-8"?>
<!-- Generated by org.testng.reporters.JUnitXMLReporter -->
<testsuite ignored="0" hostname="DESKTOP-9U0V09L" failures="0" tests="4" name="Surefire test" time="161.895" errors="0" timestamp="2026-03-16T18:28:42 IST">
  <testcase classname="BeenaAcademy.selenium.ErrorValidationTest" name="errorLoginValidation" time="3.22"/>
  <testcase classname="BeenaAcademy.selenium.SubmitOrderTest" name="submitOrder" time="11.344"/>
  <testcase classname="BeenaAcademy.selenium.SubmitOrderTest" name="submitOrder" time="7.42"/>
  <testcase classname="BeenaAcademy.selenium.SubmitOrderTest" name="orderHistory" time="2.253"/>
</testsuite> <!-- Surefire test -->
