<?xml version="1.0" encoding="UTF-8"?>
<!-- Generated by org.testng.reporters.JUnitXMLReporter -->
<testsuite ignored="0" hostname="DESKTOP-9U0V09L" failures="0" tests="4" name="Surefire test" time="23.324" errors="0" timestamp="2026-03-18T21:33:19 IST">
  <testcase classname="BeenaAcademy.selenium.ErrorValidationTest" name="errorLoginValidation" time="0.606"/>
  <testcase classname="BeenaAcademy.selenium.SubmitOrderTest" name="submitOrder" time="5.201"/>
  <testcase classname="BeenaAcademy.selenium.SubmitOrderTest" name="submitOrder" time="4.971"/>
  <testcase classname="BeenaAcademy.selenium.SubmitOrderTest" name="orderHistory" time="1.324"/>
</testsuite> <!-- Surefire test -->
