<?xml version="1.0" encoding="UTF-8"?>
<!-- Generated by org.testng.reporters.JUnitXMLReporter -->
<testsuite ignored="2" hostname="DESKTOP-9U0V09L" failures="1" tests="2" name="Test" time="13.845" errors="0" timestamp="2026-03-18T00:51:13 IST">
  <testcase classname="BeenaAcademy.selenium.ErrorValidationTest" name="errorLoginValidation" time="1.234">
    <skipped/>
  </testcase> <!-- errorLoginValidation -->
  <testcase classname="BeenaAcademy.selenium.ErrorValidationTest" name="errorLoginValidation" time="1.149">
    <failure type="java.lang.AssertionError" message="expected [Incorect email or password.] but found [Incorrect email or password.]">
      <![CDATA[java.lang.AssertionError: expected [Incorect email or password.] but found [Incorrect email or password.]
at BeenaAcademy.selenium.ErrorValidationTest.errorLoginValidation(ErrorValidationTest.java:18)
at java.base/java.util.ArrayList.forEach(ArrayList.java:1511)
at java.base/java.util.concurrent.FutureTask.run(FutureTask.java:264)
at java.base/java.util.concurrent.ThreadPoolExecutor.runWorker(ThreadPoolExecutor.java:1136)
at java.base/java.util.concurrent.ThreadPoolExecutor$Worker.run(ThreadPoolExecutor.java:635)
at java.base/java.lang.Thread.run(Thread.java:842)
... Removed 23 stack frames]]>
    </failure>
  </testcase> <!-- errorLoginValidation -->
  <testcase classname="BeenaAcademy.selenium.SubmitOrderTest" name="submitOrder" time="0.0">
    <ignored/>
  </testcase> <!-- submitOrder -->
  <testcase classname="BeenaAcademy.selenium.SubmitOrderTest" name="orderHistory" time="0.0">
    <ignored/>
  </testcase> <!-- orderHistory -->
</testsuite> <!-- Test -->
