<?xml version="1.0" encoding="UTF-8"?>
<!-- Generated by org.testng.reporters.JUnitXMLReporter -->
<testsuite ignored="2" hostname="DESKTOP-9U0V09L" failures="0" tests="1" name="Test" time="8.484" errors="0" timestamp="2026-03-16T18:29:32 IST">
  <testcase classname="BeenaAcademy.selenium.ErrorValidationTest" name="errorLoginValidation" time="1.654"/>
  <testcase classname="BeenaAcademy.selenium.SubmitOrderTest" name="submitOrder" time="0.0">
    <ignored/>
  </testcase> <!-- submitOrder -->
  <testcase classname="BeenaAcademy.selenium.SubmitOrderTest" name="orderHistory" time="0.0">
    <ignored/>
  </testcase> <!-- orderHistory -->
</testsuite> <!-- Test -->
