<?xml version="1.0" encoding="UTF-8"?>
<!-- Generated by org.testng.reporters.JUnitXMLReporter -->
<testsuite ignored="0" hostname="DESKTOP-9U0V09L" failures="0" tests="4" name="Test" time="38.131" errors="0" timestamp="2026-03-18T18:26:27 IST">
  <testcase classname="BeenaAcademy.selenium.ErrorValidationTest" name="errorLoginValidation" time="1.739"/>
  <testcase classname="BeenaAcademy.selenium.SubmitOrderTest" name="submitOrder" time="7.905"/>
  <testcase classname="BeenaAcademy.selenium.SubmitOrderTest" name="submitOrder" time="7.3"/>
  <testcase classname="BeenaAcademy.selenium.SubmitOrderTest" name="orderHistory" time="3.724"/>
</testsuite> <!-- Test -->
