<?xml version="1.0" encoding="UTF-8"?>
<testng-results ignored="2" total="3" passed="1" failed="0" skipped="0">
  <reporter-output>
  </reporter-output>
  <suite started-at="2026-03-16T18:29:24 IST" name="Suite" finished-at="2026-03-16T18:29:32 IST" duration-ms="8484">
    <groups>
      <group name="ErrorHandling">
        <method signature="ErrorValidationTest.errorLoginValidation()[pri:0, instance:BeenaAcademy.selenium.ErrorValidationTest@1dde4cb2]" name="errorLoginValidation" class="BeenaAcademy.selenium.ErrorValidationTest"/>
      </group> <!-- ErrorHandling -->
    </groups>
    <test started-at="2026-03-16T18:29:24 IST" name="Test" finished-at="2026-03-16T18:29:32 IST" duration-ms="8484">
      <class name="BeenaAcademy.selenium.ErrorValidationTest">
        <test-method is-config="true" signature="launchApplication()[pri:0, instance:BeenaAcademy.selenium.ErrorValidationTest@1dde4cb2]" started-at="2026-03-16T18:29:24 IST" name="launchApplication" finished-at="2026-03-16T18:29:30 IST" duration-ms="6382" status="PASS">
          <reporter-output>
          </reporter-output>
        </test-method> <!-- launchApplication -->
        <test-method signature="errorLoginValidation()[pri:0, instance:BeenaAcademy.selenium.ErrorValidationTest@1dde4cb2]" started-at="2026-03-16T18:29:30 IST" name="errorLoginValidation" finished-at="2026-03-16T18:29:32 IST" duration-ms="1654" status="PASS">
          <reporter-output>
          </reporter-output>
        </test-method> <!-- errorLoginValidation -->
        <test-method is-config="true" signature="tearDown()[pri:0, instance:BeenaAcademy.selenium.ErrorValidationTest@1dde4cb2]" started-at="2026-03-16T18:29:32 IST" name="tearDown" finished-at="2026-03-16T18:29:32 IST" duration-ms="224" status="PASS">
          <reporter-output>
          </reporter-output>
        </test-method> <!-- tearDown -->
      </class> <!-- BeenaAcademy.selenium.ErrorValidationTest -->
    </test> <!-- Test -->
  </suite> <!-- Suite -->
</testng-results>
