<?xml version="1.0" encoding="UTF-8"?>
<testng-results ignored="0" total="4" passed="4" failed="0" skipped="0">
  <reporter-output>
  </reporter-output>
  <suite started-at="2026-03-18T21:32:56 IST" name="Surefire suite" finished-at="2026-03-18T21:33:19 IST" duration-ms="23324">
    <groups>
      <group name="ErrorHandling">
        <method signature="ErrorValidationTest.errorLoginValidation()[pri:0, instance:BeenaAcademy.selenium.ErrorValidationTest@134d26af]" name="errorLoginValidation" class="BeenaAcademy.selenium.ErrorValidationTest"/>
      </group> <!-- ErrorHandling -->
      <group name="purchase">
        <method signature="SubmitOrderTest.submitOrder(java.util.HashMap)[pri:0, instance:BeenaAcademy.selenium.SubmitOrderTest@487db668]" name="submitOrder" class="BeenaAcademy.selenium.SubmitOrderTest"/>
      </group> <!-- purchase -->
    </groups>
    <test started-at="2026-03-18T21:32:56 IST" name="Surefire test" finished-at="2026-03-18T21:33:19 IST" duration-ms="23324">
      <class name="BeenaAcademy.selenium.SubmitOrderTest">
        <test-method is-config="true" signature="launchApplication()[pri:0, instance:BeenaAcademy.selenium.SubmitOrderTest@487db668]" started-at="2026-03-18T21:33:00 IST" name="launchApplication" finished-at="2026-03-18T21:33:02 IST" duration-ms="2279" status="PASS">
          <reporter-output>
          </reporter-output>
        </test-method> <!-- launchApplication -->
        <test-method signature="submitOrder(java.util.HashMap)[pri:0, instance:BeenaAcademy.selenium.SubmitOrderTest@487db668]" started-at="2026-03-18T21:33:02 IST" name="submitOrder" data-provider="getData" finished-at="2026-03-18T21:33:07 IST" duration-ms="5201" status="PASS">
          <params>
            <param index="0">
              <value>
                <![CDATA[{password=Mango!@#123, email=yellow@gmail.com, productName=ZARA COAT 3}]]>
              </value>
            </param>
          </params>
          <reporter-output>
          </reporter-output>
        </test-method> <!-- submitOrder -->
        <test-method is-config="true" signature="tearDown()[pri:0, instance:BeenaAcademy.selenium.SubmitOrderTest@487db668]" started-at="2026-03-18T21:33:07 IST" name="tearDown" finished-at="2026-03-18T21:33:07 IST" duration-ms="253" status="PASS">
          <reporter-output>
          </reporter-output>
        </test-method> <!-- tearDown -->
        <test-method is-config="true" signature="launchApplication()[pri:0, instance:BeenaAcademy.selenium.SubmitOrderTest@487db668]" started-at="2026-03-18T21:33:07 IST" name="launchApplication" finished-at="2026-03-18T21:33:10 IST" duration-ms="2376" status="PASS">
          <reporter-output>
          </reporter-output>
        </test-method> <!-- launchApplication -->
        <test-method signature="submitOrder(java.util.HashMap)[pri:0, instance:BeenaAcademy.selenium.SubmitOrderTest@487db668]" started-at="2026-03-18T21:33:10 IST" name="submitOrder" data-provider="getData" finished-at="2026-03-18T21:33:15 IST" duration-ms="4971" status="PASS">
          <params>
            <param index="0">
              <value>
                <![CDATA[{password=Mango!@#123, email=white@gmail.com, productName=ADIDAS ORIGINAL}]]>
              </value>
            </param>
          </params>
          <reporter-output>
          </reporter-output>
        </test-method> <!-- submitOrder -->
        <test-method is-config="true" signature="tearDown()[pri:0, instance:BeenaAcademy.selenium.SubmitOrderTest@487db668]" started-at="2026-03-18T21:33:15 IST" name="tearDown" finished-at="2026-03-18T21:33:15 IST" duration-ms="202" status="PASS">
          <reporter-output>
          </reporter-output>
        </test-method> <!-- tearDown -->
        <test-method is-config="true" signature="launchApplication()[pri:0, instance:BeenaAcademy.selenium.SubmitOrderTest@487db668]" started-at="2026-03-18T21:33:15 IST" name="launchApplication" finished-at="2026-03-18T21:33:17 IST" duration-ms="2398" status="PASS">
          <reporter-output>
          </reporter-output>
        </test-method> <!-- launchApplication -->
        <test-method signature="orderHistory()[pri:0, instance:BeenaAcademy.selenium.SubmitOrderTest@487db668]" started-at="2026-03-18T21:33:17 IST" name="orderHistory" finished-at="2026-03-18T21:33:19 IST" depends-on-methods="BeenaAcademy.selenium.SubmitOrderTest.submitOrder" duration-ms="1324" status="PASS">
          <reporter-output>
          </reporter-output>
        </test-method> <!-- orderHistory -->
        <test-method is-config="true" signature="tearDown()[pri:0, instance:BeenaAcademy.selenium.SubmitOrderTest@487db668]" started-at="2026-03-18T21:33:19 IST" name="tearDown" finished-at="2026-03-18T21:33:19 IST" duration-ms="178" status="PASS">
          <reporter-output>
          </reporter-output>
        </test-method> <!-- tearDown -->
      </class> <!-- BeenaAcademy.selenium.SubmitOrderTest -->
      <class name="BeenaAcademy.selenium.ErrorValidationTest">
        <test-method is-config="true" signature="launchApplication()[pri:0, instance:BeenaAcademy.selenium.ErrorValidationTest@134d26af]" started-at="2026-03-18T21:32:56 IST" name="launchApplication" finished-at="2026-03-18T21:32:59 IST" duration-ms="2952" status="PASS">
          <reporter-output>
          </reporter-output>
        </test-method> <!-- launchApplication -->
        <test-method signature="errorLoginValidation()[pri:0, instance:BeenaAcademy.selenium.ErrorValidationTest@134d26af]" started-at="2026-03-18T21:32:59 IST" name="errorLoginValidation" finished-at="2026-03-18T21:32:59 IST" duration-ms="606" status="PASS">
          <reporter-output>
          </reporter-output>
        </test-method> <!-- errorLoginValidation -->
        <test-method is-config="true" signature="tearDown()[pri:0, instance:BeenaAcademy.selenium.ErrorValidationTest@134d26af]" started-at="2026-03-18T21:32:59 IST" name="tearDown" finished-at="2026-03-18T21:32:59 IST" duration-ms="228" status="PASS">
          <reporter-output>
          </reporter-output>
        </test-method> <!-- tearDown -->
      </class> <!-- BeenaAcademy.selenium.ErrorValidationTest -->
    </test> <!-- Surefire test -->
  </suite> <!-- Surefire suite -->
</testng-results>
