<?xml version="1.0" encoding="UTF-8"?>
<testng-results ignored="0" total="4" passed="4" failed="0" skipped="0">
  <reporter-output>
  </reporter-output>
  <suite started-at="2026-03-20T11:43:47 IST" name="Suite" finished-at="2026-03-20T11:44:11 IST" duration-ms="24169">
    <groups>
      <group name="ErrorHandling">
        <method signature="ErrorValidationTest.errorLoginValidation()[pri:0, instance:BeenaAcademy.selenium.ErrorValidationTest@5af28b27]" name="errorLoginValidation" class="BeenaAcademy.selenium.ErrorValidationTest"/>
      </group> <!-- ErrorHandling -->
      <group name="purchase">
        <method signature="SubmitOrderTest.submitOrder(java.util.HashMap)[pri:0, instance:BeenaAcademy.selenium.SubmitOrderTest@72f46e16]" name="submitOrder" class="BeenaAcademy.selenium.SubmitOrderTest"/>
      </group> <!-- purchase -->
    </groups>
    <test started-at="2026-03-20T11:43:47 IST" name="Test" finished-at="2026-03-20T11:44:11 IST" duration-ms="24169">
      <class name="BeenaAcademy.selenium.SubmitOrderTest">
        <test-method is-config="true" signature="launchApplication()[pri:0, instance:BeenaAcademy.selenium.SubmitOrderTest@72f46e16]" started-at="2026-03-20T11:43:52 IST" name="launchApplication" finished-at="2026-03-20T11:43:54 IST" duration-ms="2269" status="PASS">
          <reporter-output>
          </reporter-output>
        </test-method> <!-- launchApplication -->
        <test-method signature="submitOrder(java.util.HashMap)[pri:0, instance:BeenaAcademy.selenium.SubmitOrderTest@72f46e16]" started-at="2026-03-20T11:43:54 IST" name="submitOrder" data-provider="getData" finished-at="2026-03-20T11:43:59 IST" duration-ms="5173" status="PASS">
          <params>
            <param index="0">
              <value>
                <![CDATA[{password=Mango!@#123, email=yellow@gmail.com, productName=ZARA COAT 3}]]>
              </value>
            </param>
          </params>
          <reporter-output>
          </reporter-output>
        </test-method> <!-- submitOrder -->
        <test-method is-config="true" signature="tearDown()[pri:0, instance:BeenaAcademy.selenium.SubmitOrderTest@72f46e16]" started-at="2026-03-20T11:43:59 IST" name="tearDown" finished-at="2026-03-20T11:43:59 IST" duration-ms="190" status="PASS">
          <reporter-output>
          </reporter-output>
        </test-method> <!-- tearDown -->
        <test-method is-config="true" signature="launchApplication()[pri:0, instance:BeenaAcademy.selenium.SubmitOrderTest@72f46e16]" started-at="2026-03-20T11:43:59 IST" name="launchApplication" finished-at="2026-03-20T11:44:02 IST" duration-ms="2378" status="PASS">
          <reporter-output>
          </reporter-output>
        </test-method> <!-- launchApplication -->
        <test-method signature="submitOrder(java.util.HashMap)[pri:0, instance:BeenaAcademy.selenium.SubmitOrderTest@72f46e16]" started-at="2026-03-20T11:44:02 IST" name="submitOrder" data-provider="getData" finished-at="2026-03-20T11:44:07 IST" duration-ms="5155" status="PASS">
          <params>
            <param index="0">
              <value>
                <![CDATA[{password=Mango!@#123, email=white@gmail.com, productName=ADIDAS ORIGINAL}]]>
              </value>
            </param>
          </params>
          <reporter-output>
          </reporter-output>
        </test-method> <!-- submitOrder -->
        <test-method is-config="true" signature="tearDown()[pri:0, instance:BeenaAcademy.selenium.SubmitOrderTest@72f46e16]" started-at="2026-03-20T11:44:07 IST" name="tearDown" finished-at="2026-03-20T11:44:07 IST" duration-ms="188" status="PASS">
          <reporter-output>
          </reporter-output>
        </test-method> <!-- tearDown -->
        <test-method is-config="true" signature="launchApplication()[pri:0, instance:BeenaAcademy.selenium.SubmitOrderTest@72f46e16]" started-at="2026-03-20T11:44:07 IST" name="launchApplication" finished-at="2026-03-20T11:44:09 IST" duration-ms="2271" status="PASS">
          <reporter-output>
          </reporter-output>
        </test-method> <!-- launchApplication -->
        <test-method signature="orderHistory()[pri:0, instance:BeenaAcademy.selenium.SubmitOrderTest@72f46e16]" started-at="2026-03-20T11:44:09 IST" name="orderHistory" finished-at="2026-03-20T11:44:11 IST" depends-on-methods="BeenaAcademy.selenium.SubmitOrderTest.submitOrder" duration-ms="1566" status="PASS">
          <reporter-output>
          </reporter-output>
        </test-method> <!-- orderHistory -->
        <test-method is-config="true" signature="tearDown()[pri:0, instance:BeenaAcademy.selenium.SubmitOrderTest@72f46e16]" started-at="2026-03-20T11:44:11 IST" name="tearDown" finished-at="2026-03-20T11:44:11 IST" duration-ms="142" status="PASS">
          <reporter-output>
          </reporter-output>
        </test-method> <!-- tearDown -->
      </class> <!-- BeenaAcademy.selenium.SubmitOrderTest -->
      <class name="BeenaAcademy.selenium.ErrorValidationTest">
        <test-method is-config="true" signature="launchApplication()[pri:0, instance:BeenaAcademy.selenium.ErrorValidationTest@5af28b27]" started-at="2026-03-20T11:43:47 IST" name="launchApplication" finished-at="2026-03-20T11:43:50 IST" duration-ms="2965" status="PASS">
          <reporter-output>
          </reporter-output>
        </test-method> <!-- launchApplication -->
        <test-method signature="errorLoginValidation()[pri:0, instance:BeenaAcademy.selenium.ErrorValidationTest@5af28b27]" started-at="2026-03-20T11:43:50 IST" name="errorLoginValidation" finished-at="2026-03-20T11:43:51 IST" duration-ms="1146" status="PASS">
          <reporter-output>
          </reporter-output>
        </test-method> <!-- errorLoginValidation -->
        <test-method is-config="true" signature="tearDown()[pri:0, instance:BeenaAcademy.selenium.ErrorValidationTest@5af28b27]" started-at="2026-03-20T11:43:51 IST" name="tearDown" finished-at="2026-03-20T11:43:51 IST" duration-ms="265" status="PASS">
          <reporter-output>
          </reporter-output>
        </test-method> <!-- tearDown -->
      </class> <!-- BeenaAcademy.selenium.ErrorValidationTest -->
    </test> <!-- Test -->
  </suite> <!-- Suite -->
</testng-results>
