<?xml version="1.0" encoding="UTF-8"?>
<!-- Generated by org.testng.reporters.JUnitReportReporter -->
<testsuite hostname="DESKTOP-9U0V09L" failures="0" tests="3" name="BeenaAcademy.selenium.SubmitOrderTest" time="19.332" errors="0" timestamp="2026-03-20T11:44:12 IST" skipped="0">
  <testcase classname="BeenaAcademy.selenium.SubmitOrderTest" name="submitOrder" time="7.723"/>
  <testcase classname="BeenaAcademy.selenium.SubmitOrderTest" name="submitOrder" time="7.632"/>
  <testcase classname="BeenaAcademy.selenium.SubmitOrderTest" name="orderHistory" time="3.977"/>
</testsuite> <!-- BeenaAcademy.selenium.SubmitOrderTest -->
