<?xml version="1.0" encoding="UTF-8"?>
<!-- Generated by org.testng.reporters.JUnitReportReporter -->
<testsuite hostname="DESKTOP-9U0V09L" failures="0" tests="3" name="BeenaAcademy.selenium.SubmitOrderTest" time="18.272" errors="0" timestamp="2026-03-18T00:08:19 IST" skipped="0">
  <testcase classname="BeenaAcademy.selenium.SubmitOrderTest" name="submitOrder" time="7.412"/>
  <testcase classname="BeenaAcademy.selenium.SubmitOrderTest" name="submitOrder" time="6.832"/>
  <testcase classname="BeenaAcademy.selenium.SubmitOrderTest" name="orderHistory" time="4.028"/>
</testsuite> <!-- BeenaAcademy.selenium.SubmitOrderTest -->
