<?xml version="1.0" encoding="UTF-8"?>
<!-- Generated by org.testng.reporters.JUnitReportReporter -->
<testsuite hostname="DESKTOP-9U0V09L" failures="0" tests="3" name="BeenaAcademy.selenium.SubmitOrderTest" time="73.549" errors="0" timestamp="2026-03-16T18:28:42 IST" skipped="0">
  <testcase classname="BeenaAcademy.selenium.SubmitOrderTest" name="submitOrder" time="29.193"/>
  <testcase classname="BeenaAcademy.selenium.SubmitOrderTest" name="orderHistory" time="19.556"/>
  <testcase classname="BeenaAcademy.selenium.SubmitOrderTest" name="submitOrder" time="24.800"/>
</testsuite> <!-- BeenaAcademy.selenium.SubmitOrderTest -->
