<?xml version="1.0" encoding="UTF-8"?>
<!-- Generated by org.testng.reporters.JUnitReportReporter -->
<testsuite hostname="DESKTOP-9U0V09L" failures="0" tests="3" name="BeenaAcademy.selenium.SubmitOrderTest" time="19.182" errors="0" timestamp="2026-03-18T21:33:19 IST" skipped="0">
  <testcase classname="BeenaAcademy.selenium.SubmitOrderTest" name="orderHistory" time="3.902"/>
  <testcase classname="BeenaAcademy.selenium.SubmitOrderTest" name="submitOrder" time="7.777"/>
  <testcase classname="BeenaAcademy.selenium.SubmitOrderTest" name="submitOrder" time="7.503"/>
</testsuite> <!-- BeenaAcademy.selenium.SubmitOrderTest -->
